# JRE version: Java(TM) SE Runtime Environment (8.0_91-b15) (build 1.8.0_91-b15)
# Java VM: Java HotSpot(TM) 64-Bit Server VM (25.91-b15 mixed mode windows-amd64 compressed oops)
Heap:
 PSYoungGen      total 44032K, used 43950K [0x00000000eab00000, 0x00000000f0f00000, 0x0000000100000000)
  eden space 40960K, 99% used [0x00000000eab00000,0x00000000ed2f3938,0x00000000ed300000)
  from space 3072K, 98% used [0x00000000ed300000,0x00000000ed5f8048,0x00000000ed600000)
  to   space 10240K, 0% used [0x00000000f0500000,0x00000000f0500000,0x00000000f0f00000)
 ParOldGen       total 53248K, used 16290K [0x00000000c0000000, 0x00000000c3400000, 0x00000000eab00000)
  object space 53248K, 30% used [0x00000000c0000000,0x00000000c0fe8bb0,0x00000000c3400000)
 Metaspace       used 6390K, capacity 7154K, committed 7296K, reserved 1056768K
  class space    used 599K, capacity 618K, committed 640K, reserved 1048576K
GC Heap History (10 events):
Event: 3.441 GC heap before
{Heap before GC invocations=1 (full 0):
 PSYoungGen      total 23552K, used 20480K [0x00000000eab00000, 0x00000000ec500000, 0x0000000100000000)
  eden space 20480K, 100% used [0x00000000eab00000,0x00000000ebf00000,0x00000000ebf00000)
  from space 3072K, 0% used [0x00000000ec200000,0x00000000ec200000,0x00000000ec500000)
  to   space 3072K, 0% used [0x00000000ebf00000,0x00000000ebf00000,0x00000000ec200000)
 ParOldGen       total 53248K, used 0K [0x00000000c0000000, 0x00000000c3400000, 0x00000000eab00000)
  object space 53248K, 0% used [0x00000000c0000000,0x00000000c0000000,0x00000000c3400000)
 Metaspace       used 5746K, capacity 6640K, committed 6784K, reserved 1056768K
  class space    used 593K, capacity 616K, committed 640K, reserved 1048576K
Event: 3.732 GC heap after
Heap after GC invocations=1 (full 0):
 PSYoungGen      total 23552K, used 3061K [0x00000000eab00000, 0x00000000ec500000, 0x0000000100000000)
  eden space 20480K, 0% used [0x00000000eab00000,0x00000000eab00000,0x00000000ebf00000)
  from space 3072K, 99% used [0x00000000ebf00000,0x00000000ec1fd5d0,0x00000000ec200000)
  to   space 3072K, 0% used [0x00000000ec200000,0x00000000ec200000,0x00000000ec500000)
 ParOldGen       total 53248K, used 756K [0x00000000c0000000, 0x00000000c3400000, 0x00000000eab00000)
  object space 53248K, 1% used [0x00000000c0000000,0x00000000c00bd300,0x00000000c3400000)
 Metaspace       used 5746K, capacity 6640K, committed 6784K, reserved 1056768K
  class space    used 593K, capacity 616K, committed 640K, reserved 1048576K
}
Event: 5.490 GC heap before
{Heap before GC invocations=2 (full 0):
 PSYoungGen      total 23552K, used 23541K [0x00000000eab00000, 0x00000000ec500000, 0x0000000100000000)
  eden space 20480K, 100% used [0x00000000eab00000,0x00000000ebf00000,0x00000000ebf00000)
  from space 3072K, 99% used [0x00000000ebf00000,0x00000000ec1fd5d0,0x00000000ec200000)
  to   space 3072K, 0% used [0x00000000ec200000,0x00000000ec200000,0x00000000ec500000)
 ParOldGen       total 53248K, used 756K [0x00000000c0000000, 0x00000000c3400000, 0x00000000eab00000)
  object space 53248K, 1% used [0x00000000c0000000,0x00000000c00bd300,0x00000000c3400000)
 Metaspace       used 6012K, capacity 6898K, committed 7040K, reserved 1056768K
  class space    used 597K, capacity 618K, committed 640K, reserved 1048576K
Event: 5.566 GC heap after
Heap after GC invocations=2 (full 0):
 PSYoungGen      total 23552K, used 3047K [0x00000000eab00000, 0x00000000ec500000, 0x0000000100000000)
  eden space 20480K, 0% used [0x00000000eab00000,0x00000000eab00000,0x00000000ebf00000)
  from space 3072K, 99% used [0x00000000ec200000,0x00000000ec4f9c98,0x00000000ec500000)
  to   space 3072K, 0% used [0x00000000ebf00000,0x00000000ebf00000,0x00000000ec200000)
 ParOldGen       total 53248K, used 3199K [0x00000000c0000000, 0x00000000c3400000, 0x00000000eab00000)
  object space 53248K, 6% used [0x00000000c0000000,0x00000000c031fd18,0x00000000c3400000)
 Metaspace       used 6012K, capacity 6898K, committed 7040K, reserved 1056768K
  class space    used 597K, capacity 618K, committed 640K, reserved 1048576K
}
Event: 19.429 GC heap before
{Heap before GC invocations=3 (full 0):
 PSYoungGen      total 23552K, used 23527K [0x00000000eab00000, 0x00000000ec500000, 0x0000000100000000)
  eden space 20480K, 100% used [0x00000000eab00000,0x00000000ebf00000,0x00000000ebf00000)
  from space 3072K, 99% used [0x00000000ec200000,0x00000000ec4f9c98,0x00000000ec500000)
  to   space 3072K, 0% used [0x00000000ebf00000,0x00000000ebf00000,0x00000000ec200000)
 ParOldGen       total 53248K, used 3199K [0x00000000c0000000, 0x00000000c3400000, 0x00000000eab00000)
  object space 53248K, 6% used [0x00000000c0000000,0x00000000c031fd18,0x00000000c3400000)
 Metaspace       used 6233K, capacity 7026K, committed 7296K, reserved 1056768K
  class space    used 597K, capacity 618K, committed 640K, reserved 1048576K
Event: 19.684 GC heap after
Heap after GC invocations=3 (full 0):
 PSYoungGen      total 23552K, used 3047K [0x00000000eab00000, 0x00000000ed900000, 0x0000000100000000)
  eden space 20480K, 0% used [0x00000000eab00000,0x00000000eab00000,0x00000000ebf00000)
  from space 3072K, 99% used [0x00000000ebf00000,0x00000000ec1f9c98,0x00000000ec200000)
  to   space 3072K, 0% used [0x00000000ed600000,0x00000000ed600000,0x00000000ed900000)
 ParOldGen       total 53248K, used 6634K [0x00000000c0000000, 0x00000000c3400000, 0x00000000eab00000)
  object space 53248K, 12% used [0x00000000c0000000,0x00000000c067aba8,0x00000000c3400000)
 Metaspace       used 6233K, capacity 7026K, committed 7296K, reserved 1056768K
  class space    used 597K, capacity 618K, committed 640K, reserved 1048576K
}
Event: 20.254 GC heap before
{Heap before GC invocations=4 (full 0):
 PSYoungGen      total 23552K, used 23527K [0x00000000eab00000, 0x00000000ed900000, 0x0000000100000000)
  eden space 20480K, 100% used [0x00000000eab00000,0x00000000ebf00000,0x00000000ebf00000)
  from space 3072K, 99% used [0x00000000ebf00000,0x00000000ec1f9c98,0x00000000ec200000)
  to   space 3072K, 0% used [0x00000000ed600000,0x00000000ed600000,0x00000000ed900000)
 ParOldGen       total 53248K, used 6634K [0x00000000c0000000, 0x00000000c3400000, 0x00000000eab00000)
  object space 53248K, 12% used [0x00000000c0000000,0x00000000c067aba8,0x00000000c3400000)
 Metaspace       used 6275K, capacity 7090K, committed 7296K, reserved 1056768K
  class space    used 598K, capacity 618K, committed 640K, reserved 1048576K
Event: 20.278 GC heap after
Heap after GC invocations=4 (full 0):
 PSYoungGen      total 44032K, used 3060K [0x00000000eab00000, 0x00000000ed900000, 0x0000000100000000)
  eden space 40960K, 0% used [0x00000000eab00000,0x00000000eab00000,0x00000000ed300000)
  from space 3072K, 99% used [0x00000000ed600000,0x00000000ed8fd250,0x00000000ed900000)
  to   space 3072K, 0% used [0x00000000ed300000,0x00000000ed300000,0x00000000ed600000)
 ParOldGen       total 53248K, used 9770K [0x00000000c0000000, 0x00000000c3400000, 0x00000000eab00000)
  object space 53248K, 18% used [0x00000000c0000000,0x00000000c098a968,0x00000000c3400000)
 Metaspace       used 6275K, capacity 7090K, committed 7296K, reserved 1056768K
  class space    used 598K, capacity 618K, committed 640K, reserved 1048576K
}
Event: 20.695 GC heap before
{Heap before GC invocations=5 (full 0):
 PSYoungGen      total 44032K, used 44020K [0x00000000eab00000, 0x00000000ed900000, 0x0000000100000000)
  eden space 40960K, 100% used [0x00000000eab00000,0x00000000ed300000,0x00000000ed300000)
  from space 3072K, 99% used [0x00000000ed600000,0x00000000ed8fd250,0x00000000ed900000)
  to   space 3072K, 0% used [0x00000000ed300000,0x00000000ed300000,0x00000000ed600000)
 ParOldGen       total 53248K, used 9770K [0x00000000c0000000, 0x00000000c3400000, 0x00000000eab00000)
  object space 53248K, 18% used [0x00000000c0000000,0x00000000c098a968,0x00000000c3400000)
 Metaspace       used 6354K, capacity 7090K, committed 7296K, reserved 1056768K
  class space    used 599K, capacity 618K, committed 640K, reserved 1048576K
Event: 20.755 GC heap after
Heap after GC invocations=5 (full 0):
 PSYoungGen      total 44032K, used 3040K [0x00000000eab00000, 0x00000000f0f00000, 0x0000000100000000)
  eden space 40960K, 0% used [0x00000000eab00000,0x00000000eab00000,0x00000000ed300000)
  from space 3072K, 98% used [0x00000000ed300000,0x00000000ed5f8048,0x00000000ed600000)
  to   space 10240K, 0% used [0x00000000f0500000,0x00000000f0500000,0x00000000f0f00000)
 ParOldGen       total 53248K, used 16290K [0x00000000c0000000, 0x00000000c3400000, 0x00000000eab00000)
  object space 53248K, 30% used [0x00000000c0000000,0x00000000c0fe8bb0,0x00000000c3400000)
 Metaspace       used 6354K, capacity 7090K, committed 7296K, reserved 1056768K
  class space    used 599K, capacity 618K, committed 640K, reserved 1048576K
}

