# JRE version: Java(TM) SE Runtime Environment (8.0_91-b15) (build 1.8.0_91-b15)
# Java VM: Java HotSpot(TM) 64-Bit Server VM (25.91-b15 mixed mode windows-amd64 compressed oops)
Heap:
 PSYoungGen      total 23552K, used 12543K [0x00000000eab00000, 0x00000000ec500000, 0x0000000100000000)
  eden space 20480K, 46% used [0x00000000eab00000,0x00000000eb445fa8,0x00000000ebf00000)
  from space 3072K, 99% used [0x00000000ec200000,0x00000000ec4f9c78,0x00000000ec500000)
  to   space 3072K, 0% used [0x00000000ebf00000,0x00000000ebf00000,0x00000000ec200000)
 ParOldGen       total 53248K, used 4752K [0x00000000c0000000, 0x00000000c3400000, 0x00000000eab00000)
  object space 53248K, 8% used [0x00000000c0000000,0x00000000c04a40e0,0x00000000c3400000)
 Metaspace       used 6067K, capacity 6902K, committed 7040K, reserved 1056768K
  class space    used 608K, capacity 622K, committed 640K, reserved 1048576K
GC Heap History (4 events):
Event: 4.455 GC heap before
{Heap before GC invocations=1 (full 0):
 PSYoungGen      total 23552K, used 20480K [0x00000000eab00000, 0x00000000ec500000, 0x0000000100000000)
  eden space 20480K, 100% used [0x00000000eab00000,0x00000000ebf00000,0x00000000ebf00000)
  from space 3072K, 0% used [0x00000000ec200000,0x00000000ec200000,0x00000000ec500000)
  to   space 3072K, 0% used [0x00000000ebf00000,0x00000000ebf00000,0x00000000ec200000)
 ParOldGen       total 53248K, used 0K [0x00000000c0000000, 0x00000000c3400000, 0x00000000eab00000)
  object space 53248K, 0% used [0x00000000c0000000,0x00000000c0000000,0x00000000c3400000)
 Metaspace       used 5890K, capacity 6770K, committed 7040K, reserved 1056768K
  class space    used 602K, capacity 618K, committed 640K, reserved 1048576K
Event: 4.702 GC heap after
Heap after GC invocations=1 (full 0):
 PSYoungGen      total 23552K, used 3047K [0x00000000eab00000, 0x00000000ec500000, 0x0000000100000000)
  eden space 20480K, 0% used [0x00000000eab00000,0x00000000eab00000,0x00000000ebf00000)
  from space 3072K, 99% used [0x00000000ebf00000,0x00000000ec1f9ca8,0x00000000ec200000)
  to   space 3072K, 0% used [0x00000000ec200000,0x00000000ec200000,0x00000000ec500000)
 ParOldGen       total 53248K, used 1725K [0x00000000c0000000, 0x00000000c3400000, 0x00000000eab00000)
  object space 53248K, 3% used [0x00000000c0000000,0x00000000c01af7a8,0x00000000c3400000)
 Metaspace       used 5890K, capacity 6770K, committed 7040K, reserved 1056768K
  class space    used 602K, capacity 618K, committed 640K, reserved 1048576K
}
Event: 5.314 GC heap before
{Heap before GC invocations=2 (full 0):
 PSYoungGen      total 23552K, used 23527K [0x00000000eab00000, 0x00000000ec500000, 0x0000000100000000)
  eden space 20480K, 100% used [0x00000000eab00000,0x00000000ebf00000,0x00000000ebf00000)
  from space 3072K, 99% used [0x00000000ebf00000,0x00000000ec1f9ca8,0x00000000ec200000)
  to   space 3072K, 0% used [0x00000000ec200000,0x00000000ec200000,0x00000000ec500000)
 ParOldGen       total 53248K, used 1725K [0x00000000c0000000, 0x00000000c3400000, 0x00000000eab00000)
  object space 53248K, 3% used [0x00000000c0000000,0x00000000c01af7a8,0x00000000c3400000)
 Metaspace       used 6014K, capacity 6898K, committed 7040K, reserved 1056768K
  class space    used 602K, capacity 618K, committed 640K, reserved 1048576K
Event: 5.333 GC heap after
Heap after GC invocations=2 (full 0):
 PSYoungGen      total 23552K, used 3047K [0x00000000eab00000, 0x00000000ec500000, 0x0000000100000000)
  eden space 20480K, 0% used [0x00000000eab00000,0x00000000eab00000,0x00000000ebf00000)
  from space 3072K, 99% used [0x00000000ec200000,0x00000000ec4f9c78,0x00000000ec500000)
  to   space 3072K, 0% used [0x00000000ebf00000,0x00000000ebf00000,0x00000000ec200000)
 ParOldGen       total 53248K, used 4752K [0x00000000c0000000, 0x00000000c3400000, 0x00000000eab00000)
  object space 53248K, 8% used [0x00000000c0000000,0x00000000c04a40e0,0x00000000c3400000)
 Metaspace       used 6014K, capacity 6898K, committed 7040K, reserved 1056768K
  class space    used 602K, capacity 618K, committed 640K, reserved 1048576K
}

